<?xml version="1.0" encoding="UTF-8"?>
<!-- Generated by org.testng.reporters.JUnitReportReporter -->
<testsuite hostname="DESKTOP-HUI6R7L" failures="0" tests="1" name="tests.LoginTest" time="13.571" errors="0" timestamp="2023-01-20T17:07:22 PST" skipped="0">
  <testcase classname="tests.LoginTest" name="TC3" time="13.571"/>
  <system-out/>
</testsuite> <!-- tests.LoginTest -->
